<?xml version="1.0" encoding="UTF-8"?>
<robot generator="Robot 6.0.1 (Python 3.10.4 on win32)" generated="20221207 17:13:00.948" rpa="false" schemaversion="3">
<suite id="s1" name="Minha Suite" source="C:\projetos\devtalkpp\webTesting\minha_suite.robot">
<test id="s1-t1" name="Caso de Teste 01: Login no Site" line="7">
<kw name="Acessar o site para efetuar o login" library="resource">
<kw name="Open Browser" library="SeleniumLibrary">
<arg>url=${URL_HOME}</arg>
<arg>browser=${BROWSER}</arg>
<doc>Opens a new browser instance to the optional ``url``.</doc>
<msg timestamp="20221207 17:13:01.361" level="INFO">Opening browser 'chrome' to base url 'https://www.saucedemo.com/'.</msg>
<status status="PASS" starttime="20221207 17:13:01.360" endtime="20221207 17:13:03.783"/>
</kw>
<status status="PASS" starttime="20221207 17:13:01.360" endtime="20221207 17:13:03.784"/>
</kw>
<kw name="Informar o usuário &quot;standard_user&quot;" library="resource" sourcename="Informar o usuário &quot;${USER}&quot;">
<kw name="Input Text" library="SeleniumLibrary">
<arg>user-name</arg>
<arg>${USER}</arg>
<doc>Types the given ``text`` into the text field identified by ``locator``.</doc>
<msg timestamp="20221207 17:13:03.788" level="INFO">Typing text 'standard_user' into text field 'user-name'.</msg>
<status status="PASS" starttime="20221207 17:13:03.786" endtime="20221207 17:13:03.944"/>
</kw>
<status status="PASS" starttime="20221207 17:13:03.785" endtime="20221207 17:13:03.944"/>
</kw>
<kw name="Informar a senha &quot;secret_sauce&quot;" library="resource" sourcename="Informar a senha &quot;${PASSWORD}&quot;">
<kw name="Input Password" library="SeleniumLibrary">
<arg>password</arg>
<arg>${PASSWORD}</arg>
<doc>Types the given password into the text field identified by ``locator``.</doc>
<msg timestamp="20221207 17:13:03.946" level="INFO">Typing password into text field 'password'.</msg>
<msg timestamp="20221207 17:13:03.994" level="INFO">Temporally setting log level to: NONE</msg>
<msg timestamp="20221207 17:13:04.064" level="INFO">Log level changed from NONE to INFO.</msg>
<status status="PASS" starttime="20221207 17:13:03.945" endtime="20221207 17:13:04.064"/>
</kw>
<status status="PASS" starttime="20221207 17:13:03.945" endtime="20221207 17:13:04.064"/>
</kw>
<kw name="Clicar no botão login" library="resource">
<kw name="Click Element" library="SeleniumLibrary">
<arg>login-button</arg>
<doc>Click the element identified by ``locator``.</doc>
<msg timestamp="20221207 17:13:04.066" level="INFO">Clicking element 'login-button'.</msg>
<status status="PASS" starttime="20221207 17:13:04.065" endtime="20221207 17:13:04.215"/>
</kw>
<status status="PASS" starttime="20221207 17:13:04.064" endtime="20221207 17:13:04.215"/>
</kw>
<kw name="Validar se foi efetuado o login através da imagem do robô na página" library="resource">
<kw name="Wait Until Element Is Visible" library="SeleniumLibrary">
<arg>xpath=//*[@id="header_container"]/div[2]/div[1]</arg>
<doc>Waits until the element ``locator`` is visible.</doc>
<status status="PASS" starttime="20221207 17:13:04.216" endtime="20221207 17:13:04.264"/>
</kw>
<status status="PASS" starttime="20221207 17:13:04.216" endtime="20221207 17:13:04.264"/>
</kw>
<kw name="Fechar navegador" library="resource">
<kw name="Close Browser" library="SeleniumLibrary">
<doc>Closes the current browser.</doc>
<status status="PASS" starttime="20221207 17:13:04.265" endtime="20221207 17:13:06.560"/>
</kw>
<status status="PASS" starttime="20221207 17:13:04.265" endtime="20221207 17:13:06.561"/>
</kw>
<status status="PASS" starttime="20221207 17:13:01.359" endtime="20221207 17:13:06.562"/>
</test>
<doc>Suite Exemplo WebTesting</doc>
<status status="PASS" starttime="20221207 17:13:00.953" endtime="20221207 17:13:06.565"/>
</suite>
<statistics>
<total>
<stat pass="1" fail="0" skip="0">All Tests</stat>
</total>
<tag>
</tag>
<suite>
<stat pass="1" fail="0" skip="0" id="s1" name="Minha Suite">Minha Suite</stat>
</suite>
</statistics>
<errors>
</errors>
</robot>
